<?xml version="1.0" encoding="UTF-8"?>
<testsuite xmlns:xsi="http://www.w3.org/2001/XMLSchema-instance" xsi:noNamespaceSchemaLocation="https://maven.apache.org/surefire/maven-surefire-plugin/xsd/surefire-test-report.xsd" name="com.lists.AdicionarFilmeTest" time="5.975" tests="4" errors="0" skipped="0" failures="0">
  <properties>
    <property name="java.specification.version" value="17"/>
    <property name="sun.jnu.encoding" value="UTF-8"/>
    <property name="java.class.path" value="/Users/paulo.medeiros/Documents/maven/apache-maven-3.9.3/boot/plexus-classworlds-2.7.0.jar"/>
    <property name="java.vm.vendor" value="Oracle Corporation"/>
    <property name="sun.arch.data.model" value="64"/>
    <property name="java.vendor.url" value="https://java.oracle.com/"/>
    <property name="user.timezone" value="America/Fortaleza"/>
    <property name="maven.conf" value="/Users/paulo.medeiros/Documents/maven/apache-maven-3.9.3/conf"/>
    <property name="java.vm.specification.version" value="17"/>
    <property name="os.name" value="Mac OS X"/>
    <property name="sun.java.launcher" value="SUN_STANDARD"/>
    <property name="user.country" value="BR"/>
    <property name="sun.boot.library.path" value="/Library/Java/JavaVirtualMachines/jdk-17.jdk/Contents/Home/lib"/>
    <property name="sun.java.command" value="org.codehaus.plexus.classworlds.launcher.Launcher clean test"/>
    <property name="http.nonProxyHosts" value="local|*.local|169.254/16|*.169.254/16"/>
    <property name="jdk.debug" value="release"/>
    <property name="maven.home" value="/Users/paulo.medeiros/Documents/maven/apache-maven-3.9.3"/>
    <property name="sun.cpu.endian" value="little"/>
    <property name="user.home" value="/Users/paulo.medeiros"/>
    <property name="user.language" value="pt"/>
    <property name="sun.stderr.encoding" value="UTF-8"/>
    <property name="java.specification.vendor" value="Oracle Corporation"/>
    <property name="java.version.date" value="2023-04-18"/>
    <property name="java.home" value="/Library/Java/JavaVirtualMachines/jdk-17.jdk/Contents/Home"/>
    <property name="file.separator" value="/"/>
    <property name="java.vm.compressedOopsMode" value="Zero based"/>
    <property name="line.separator" value="&#10;"/>
    <property name="sun.stdout.encoding" value="UTF-8"/>
    <property name="java.vm.specification.vendor" value="Oracle Corporation"/>
    <property name="java.specification.name" value="Java Platform API Specification"/>
    <property name="sun.management.compiler" value="HotSpot 64-Bit Tiered Compilers"/>
    <property name="ftp.nonProxyHosts" value="local|*.local|169.254/16|*.169.254/16"/>
    <property name="java.runtime.version" value="17.0.7+8-LTS-224"/>
    <property name="user.name" value="paulo.medeiros"/>
    <property name="path.separator" value=":"/>
    <property name="os.version" value="13.3.1"/>
    <property name="java.runtime.name" value="Java(TM) SE Runtime Environment"/>
    <property name="file.encoding" value="UTF-8"/>
    <property name="guice.disable.misplaced.annotation.check" value="true"/>
    <property name="java.vm.name" value="Java HotSpot(TM) 64-Bit Server VM"/>
    <property name="java.vendor.url.bug" value="https://bugreport.java.com/bugreport/"/>
    <property name="java.io.tmpdir" value="/var/folders/lx/v_k4vmbs6h38d0yjvt8_3pk4k2hxmj/T/"/>
    <property name="java.version" value="17.0.7"/>
    <property name="user.dir" value="/Users/paulo.medeiros/Documents/pocs/tmdb-rest-assured"/>
    <property name="os.arch" value="x86_64"/>
    <property name="maven.multiModuleProjectDirectory" value="/Users/paulo.medeiros/Documents/pocs/tmdb-rest-assured"/>
    <property name="java.vm.specification.name" value="Java Virtual Machine Specification"/>
    <property name="native.encoding" value="UTF-8"/>
    <property name="java.library.path" value="/Users/paulo.medeiros/Library/Java/Extensions:/Library/Java/Extensions:/Network/Library/Java/Extensions:/System/Library/Java/Extensions:/usr/lib/java:."/>
    <property name="java.vm.info" value="mixed mode, sharing"/>
    <property name="java.vendor" value="Oracle Corporation"/>
    <property name="java.vm.version" value="17.0.7+8-LTS-224"/>
    <property name="classworlds.conf" value="/Users/paulo.medeiros/Documents/maven/apache-maven-3.9.3/bin/m2.conf"/>
    <property name="sun.io.unicode.encoding" value="UnicodeBig"/>
    <property name="library.jansi.path" value="/Users/paulo.medeiros/Documents/maven/apache-maven-3.9.3/lib/jansi-native"/>
    <property name="socksNonProxyHosts" value="local|*.local|169.254/16|*.169.254/16"/>
    <property name="java.class.version" value="61.0"/>
  </properties>
  <testcase name="testQuandoAdicionoUmFilmeSemEstarAutorizadoEntaoObtenhoStatusCode401EOsDadosDaResposta" classname="com.lists.AdicionarFilmeTest" time="1.416"/>
  <testcase name="testQuandoAdicionoUmFilmeRepetidoNaListaEntaoObtenhoStatusCode403EOsDadosDaResposta" classname="com.lists.AdicionarFilmeTest" time="1.729"/>
  <testcase name="testQuandoAdicionoUmFilmeInvalidoEntaoObtenhoStatusCode404EOsDadosDaResposta" classname="com.lists.AdicionarFilmeTest" time="1.329"/>
  <testcase name="testQuandoAdicionoUmFilmeNaListaEntaoObtenhoStatusCode201EOsDadosDaResposta" classname="com.lists.AdicionarFilmeTest" time="1.501"/>
</testsuite>